<?xml version="1.0" encoding="UTF-8"?>
<testsuite xmlns:xsi="http://www.w3.org/2001/XMLSchema-instance" xsi:noNamespaceSchemaLocation="https://maven.apache.org/surefire/maven-surefire-plugin/xsd/surefire-test-report-3.0.xsd" version="3.0" name="org.example.AIPlayerEasyTest" time="0.002" tests="1" errors="0" skipped="0" failures="0">
  <properties>
    <property name="java.specification.version" value="17"/>
    <property name="sun.jnu.encoding" value="UTF-8"/>
    <property name="java.class.path" value="/Users/egalstyan/Desktop/Module2-Java Core/Tic-Tac-Toe-with-AI/target/test-classes:/Users/egalstyan/Desktop/Module2-Java Core/Tic-Tac-Toe-with-AI/target/classes:/Users/egalstyan/.m2/repository/junit/junit/4.13.1/junit-4.13.1.jar:/Users/egalstyan/.m2/repository/org/hamcrest/hamcrest-core/1.3/hamcrest-core-1.3.jar:/Users/egalstyan/.m2/repository/org/junit/jupiter/junit-jupiter/6.0.0/junit-jupiter-6.0.0.jar:/Users/egalstyan/.m2/repository/org/junit/jupiter/junit-jupiter-api/6.0.0/junit-jupiter-api-6.0.0.jar:/Users/egalstyan/.m2/repository/org/opentest4j/opentest4j/1.3.0/opentest4j-1.3.0.jar:/Users/egalstyan/.m2/repository/org/junit/platform/junit-platform-commons/6.0.0/junit-platform-commons-6.0.0.jar:/Users/egalstyan/.m2/repository/org/apiguardian/apiguardian-api/1.1.2/apiguardian-api-1.1.2.jar:/Users/egalstyan/.m2/repository/org/jspecify/jspecify/1.0.0/jspecify-1.0.0.jar:/Users/egalstyan/.m2/repository/org/junit/jupiter/junit-jupiter-params/6.0.0/junit-jupiter-params-6.0.0.jar:/Users/egalstyan/.m2/repository/org/junit/jupiter/junit-jupiter-engine/6.0.0/junit-jupiter-engine-6.0.0.jar:/Users/egalstyan/.m2/repository/org/junit/platform/junit-platform-engine/6.0.0/junit-platform-engine-6.0.0.jar:"/>
    <property name="java.vm.vendor" value="Homebrew"/>
    <property name="sun.arch.data.model" value="64"/>
    <property name="java.vendor.url" value="https://github.com/Homebrew/homebrew-core/issues"/>
    <property name="os.name" value="Mac OS X"/>
    <property name="java.vm.specification.version" value="17"/>
    <property name="sun.java.launcher" value="SUN_STANDARD"/>
    <property name="user.country" value="AM"/>
    <property name="sun.boot.library.path" value="/opt/homebrew/Cellar/openjdk@17/17.0.16/libexec/openjdk.jdk/Contents/Home/lib"/>
    <property name="sun.java.command" value="/Users/egalstyan/Desktop/Module2-Java Core/Tic-Tac-Toe-with-AI/target/surefire/surefirebooter-20251014193902976_3.jar /Users/egalstyan/Desktop/Module2-Java Core/Tic-Tac-Toe-with-AI/target/surefire 2025-10-14T19-39-02_932-jvmRun1 surefire-20251014193902976_1tmp surefire_0-20251014193902976_2tmp"/>
    <property name="jdk.debug" value="release"/>
    <property name="surefire.test.class.path" value="/Users/egalstyan/Desktop/Module2-Java Core/Tic-Tac-Toe-with-AI/target/test-classes:/Users/egalstyan/Desktop/Module2-Java Core/Tic-Tac-Toe-with-AI/target/classes:/Users/egalstyan/.m2/repository/junit/junit/4.13.1/junit-4.13.1.jar:/Users/egalstyan/.m2/repository/org/hamcrest/hamcrest-core/1.3/hamcrest-core-1.3.jar:/Users/egalstyan/.m2/repository/org/junit/jupiter/junit-jupiter/6.0.0/junit-jupiter-6.0.0.jar:/Users/egalstyan/.m2/repository/org/junit/jupiter/junit-jupiter-api/6.0.0/junit-jupiter-api-6.0.0.jar:/Users/egalstyan/.m2/repository/org/opentest4j/opentest4j/1.3.0/opentest4j-1.3.0.jar:/Users/egalstyan/.m2/repository/org/junit/platform/junit-platform-commons/6.0.0/junit-platform-commons-6.0.0.jar:/Users/egalstyan/.m2/repository/org/apiguardian/apiguardian-api/1.1.2/apiguardian-api-1.1.2.jar:/Users/egalstyan/.m2/repository/org/jspecify/jspecify/1.0.0/jspecify-1.0.0.jar:/Users/egalstyan/.m2/repository/org/junit/jupiter/junit-jupiter-params/6.0.0/junit-jupiter-params-6.0.0.jar:/Users/egalstyan/.m2/repository/org/junit/jupiter/junit-jupiter-engine/6.0.0/junit-jupiter-engine-6.0.0.jar:/Users/egalstyan/.m2/repository/org/junit/platform/junit-platform-engine/6.0.0/junit-platform-engine-6.0.0.jar:"/>
    <property name="sun.cpu.endian" value="little"/>
    <property name="user.home" value="/Users/egalstyan"/>
    <property name="user.language" value="en"/>
    <property name="java.specification.vendor" value="Oracle Corporation"/>
    <property name="java.version.date" value="2025-07-15"/>
    <property name="java.home" value="/opt/homebrew/Cellar/openjdk@17/17.0.16/libexec/openjdk.jdk/Contents/Home"/>
    <property name="file.separator" value="/"/>
    <property name="basedir" value="/Users/egalstyan/Desktop/Module2-Java Core/Tic-Tac-Toe-with-AI"/>
    <property name="java.vm.compressedOopsMode" value="Zero based"/>
    <property name="checkstyle.skip" value="true"/>
    <property name="line.separator" value="&#10;"/>
    <property name="java.specification.name" value="Java Platform API Specification"/>
    <property name="java.vm.specification.vendor" value="Oracle Corporation"/>
    <property name="surefire.real.class.path" value="/Users/egalstyan/Desktop/Module2-Java Core/Tic-Tac-Toe-with-AI/target/surefire/surefirebooter-20251014193902976_3.jar"/>
    <property name="sun.management.compiler" value="HotSpot 64-Bit Tiered Compilers"/>
    <property name="java.runtime.version" value="17.0.16+0"/>
    <property name="user.name" value="egalstyan"/>
    <property name="path.separator" value=":"/>
    <property name="os.version" value="15.6.1"/>
    <property name="java.runtime.name" value="OpenJDK Runtime Environment"/>
    <property name="file.encoding" value="UTF-8"/>
    <property name="java.vm.name" value="OpenJDK 64-Bit Server VM"/>
    <property name="java.vendor.version" value="Homebrew"/>
    <property name="localRepository" value="/Users/egalstyan/.m2/repository"/>
    <property name="java.vendor.url.bug" value="https://github.com/Homebrew/homebrew-core/issues"/>
    <property name="java.io.tmpdir" value="/var/folders/b2/sp983h7s45n7msf10qxt42th0000gp/T/"/>
    <property name="java.version" value="17.0.16"/>
    <property name="user.dir" value="/Users/egalstyan/Desktop/Module2-Java Core/Tic-Tac-Toe-with-AI"/>
    <property name="os.arch" value="aarch64"/>
    <property name="java.vm.specification.name" value="Java Virtual Machine Specification"/>
    <property name="native.encoding" value="UTF-8"/>
    <property name="spotbugs.skip" value="true"/>
    <property name="java.library.path" value="/Users/egalstyan/Library/Java/Extensions:/Library/Java/Extensions:/Network/Library/Java/Extensions:/System/Library/Java/Extensions:/usr/lib/java:."/>
    <property name="java.vm.info" value="mixed mode, sharing"/>
    <property name="java.vendor" value="Homebrew"/>
    <property name="java.vm.version" value="17.0.16+0"/>
    <property name="java.specification.maintenance.version" value="1"/>
    <property name="sun.io.unicode.encoding" value="UnicodeBig"/>
    <property name="java.class.version" value="61.0"/>
  </properties>
  <testcase name="testMakeMove" classname="org.example.AIPlayerEasyTest" time="0.002"/>
</testsuite>